13-Jun-2024 23:45:48.311 INFO [main] org.apache.catalina.startup.VersionLoggerListener.log Nombre de la versión del servidor: Apache Tomcat/10.1.24
13-Jun-2024 23:45:48.317 INFO [main] org.apache.catalina.startup.VersionLoggerListener.log Server built:                      May 9 2024 17:41:23 UTC
13-Jun-2024 23:45:48.317 INFO [main] org.apache.catalina.startup.VersionLoggerListener.log Número de versión de servidor:     10.1.24.0
13-Jun-2024 23:45:48.318 INFO [main] org.apache.catalina.startup.VersionLoggerListener.log OS Name:                           Windows 11
13-Jun-2024 23:45:48.318 INFO [main] org.apache.catalina.startup.VersionLoggerListener.log Versión de Systema Operativo:      10.0
13-Jun-2024 23:45:48.318 INFO [main] org.apache.catalina.startup.VersionLoggerListener.log Arquitectura:                      amd64
13-Jun-2024 23:45:48.319 INFO [main] org.apache.catalina.startup.VersionLoggerListener.log Java Home:                         C:\Program Files\Java\jdk-22
13-Jun-2024 23:45:48.319 INFO [main] org.apache.catalina.startup.VersionLoggerListener.log JVM Version:                       22.0.1+8-16
13-Jun-2024 23:45:48.319 INFO [main] org.apache.catalina.startup.VersionLoggerListener.log Vededor JVM:                       Oracle Corporation
13-Jun-2024 23:45:48.319 INFO [main] org.apache.catalina.startup.VersionLoggerListener.log CATALINA_BASE:                     C:\Users\Estudio\Desktop\Programación\Master-Java\JavaEE\apache-tomcat-10.1.24
13-Jun-2024 23:45:48.320 INFO [main] org.apache.catalina.startup.VersionLoggerListener.log CATALINA_HOME:                     C:\Users\Estudio\Desktop\Programación\Master-Java\JavaEE\apache-tomcat-10.1.24
13-Jun-2024 23:45:48.336 INFO [main] org.apache.catalina.startup.VersionLoggerListener.log Command line argument:             -Djava.util.logging.config.file=C:\Users\Estudio\Desktop\Programación\Master-Java\JavaEE\apache-tomcat-10.1.24\conf\logging.properties
13-Jun-2024 23:45:48.336 INFO [main] org.apache.catalina.startup.VersionLoggerListener.log Command line argument:             -Djava.util.logging.manager=org.apache.juli.ClassLoaderLogManager
13-Jun-2024 23:45:48.336 INFO [main] org.apache.catalina.startup.VersionLoggerListener.log Command line argument:             -Djdk.tls.ephemeralDHKeySize=2048
13-Jun-2024 23:45:48.337 INFO [main] org.apache.catalina.startup.VersionLoggerListener.log Command line argument:             -Djava.protocol.handler.pkgs=org.apache.catalina.webresources
13-Jun-2024 23:45:48.337 INFO [main] org.apache.catalina.startup.VersionLoggerListener.log Command line argument:             --add-opens=java.base/java.lang=ALL-UNNAMED
13-Jun-2024 23:45:48.337 INFO [main] org.apache.catalina.startup.VersionLoggerListener.log Command line argument:             --add-opens=java.base/java.io=ALL-UNNAMED
13-Jun-2024 23:45:48.337 INFO [main] org.apache.catalina.startup.VersionLoggerListener.log Command line argument:             --add-opens=java.base/java.util=ALL-UNNAMED
13-Jun-2024 23:45:48.337 INFO [main] org.apache.catalina.startup.VersionLoggerListener.log Command line argument:             --add-opens=java.base/java.util.concurrent=ALL-UNNAMED
13-Jun-2024 23:45:48.338 INFO [main] org.apache.catalina.startup.VersionLoggerListener.log Command line argument:             --add-opens=java.rmi/sun.rmi.transport=ALL-UNNAMED
13-Jun-2024 23:45:48.338 INFO [main] org.apache.catalina.startup.VersionLoggerListener.log Command line argument:             -Dcatalina.base=C:\Users\Estudio\Desktop\Programación\Master-Java\JavaEE\apache-tomcat-10.1.24
13-Jun-2024 23:45:48.338 INFO [main] org.apache.catalina.startup.VersionLoggerListener.log Command line argument:             -Dcatalina.home=C:\Users\Estudio\Desktop\Programación\Master-Java\JavaEE\apache-tomcat-10.1.24
13-Jun-2024 23:45:48.338 INFO [main] org.apache.catalina.startup.VersionLoggerListener.log Command line argument:             -Djava.io.tmpdir=C:\Users\Estudio\Desktop\Programación\Master-Java\JavaEE\apache-tomcat-10.1.24\temp
13-Jun-2024 23:45:48.344 INFO [main] org.apache.catalina.core.AprLifecycleListener.lifecycleEvent Cargada la biblioteca nativa APR de Apache Tomcat [2.0.7] con la versión APR [1.7.4].
13-Jun-2024 23:45:48.361 INFO [main] org.apache.catalina.core.AprLifecycleListener.initializeSSL OpenSSL inicializado correctamente [OpenSSL 3.0.13 30 Jan 2024]
13-Jun-2024 23:45:48.659 INFO [main] org.apache.coyote.AbstractProtocol.init Inicializando el manejador de protocolo ["http-nio-8080"]

13-Jun-2024 23:45:48.695 INFO [main] org.apache.catalina.startup.Catalina.load Server initialization in [621] milliseconds
13-Jun-2024 23:45:48.764 INFO [main] org.apache.catalina.core.StandardService.startInternal Arrancando servicio [Catalina]
13-Jun-2024 23:45:48.765 INFO [main] org.apache.catalina.core.StandardEngine.startInternal Starting Servlet engine: [Apache Tomcat/10.1.24]
13-Jun-2024 23:45:48.776 INFO [main] org.apache.catalina.startup.HostConfig.deployDirectory Desplegando el directorio [C:\Users\Estudio\Desktop\Programación\Master-Java\JavaEE\apache-tomcat-10.1.24\webapps\docs] de la aplicación web
13-Jun-2024 23:45:49.157 INFO [main] org.apache.catalina.startup.HostConfig.deployDirectory Deployment of web application directory [C:\Users\Estudio\Desktop\Programación\Master-Java\JavaEE\apache-tomcat-10.1.24\webapps\docs] has finished in [378] ms
13-Jun-2024 23:45:49.158 INFO [main] org.apache.catalina.startup.HostConfig.deployDirectory Desplegando el directorio [C:\Users\Estudio\Desktop\Programación\Master-Java\JavaEE\apache-tomcat-10.1.24\webapps\examples] de la aplicación web
13-Jun-2024 23:45:49.759 INFO [main] org.apache.catalina.startup.HostConfig.deployDirectory Deployment of web application directory [C:\Users\Estudio\Desktop\Programación\Master-Java\JavaEE\apache-tomcat-10.1.24\webapps\examples] has finished in [600] ms
13-Jun-2024 23:45:49.759 INFO [main] org.apache.catalina.startup.HostConfig.deployDirectory Desplegando el directorio [C:\Users\Estudio\Desktop\Programación\Master-Java\JavaEE\apache-tomcat-10.1.24\webapps\host-manager] de la aplicación web
13-Jun-2024 23:45:49.810 INFO [main] org.apache.catalina.startup.HostConfig.deployDirectory Deployment of web application directory [C:\Users\Estudio\Desktop\Programación\Master-Java\JavaEE\apache-tomcat-10.1.24\webapps\host-manager] has finished in [51] ms
13-Jun-2024 23:45:49.811 INFO [main] org.apache.catalina.startup.HostConfig.deployDirectory Desplegando el directorio [C:\Users\Estudio\Desktop\Programación\Master-Java\JavaEE\apache-tomcat-10.1.24\webapps\manager] de la aplicación web
13-Jun-2024 23:45:49.855 INFO [main] org.apache.catalina.startup.HostConfig.deployDirectory Deployment of web application directory [C:\Users\Estudio\Desktop\Programación\Master-Java\JavaEE\apache-tomcat-10.1.24\webapps\manager] has finished in [45] ms
13-Jun-2024 23:45:49.856 INFO [main] org.apache.catalina.startup.HostConfig.deployDirectory Desplegando el directorio [C:\Users\Estudio\Desktop\Programación\Master-Java\JavaEE\apache-tomcat-10.1.24\webapps\ROOT] de la aplicación web
13-Jun-2024 23:45:49.883 INFO [main] org.apache.catalina.startup.HostConfig.deployDirectory Deployment of web application directory [C:\Users\Estudio\Desktop\Programación\Master-Java\JavaEE\apache-tomcat-10.1.24\webapps\ROOT] has finished in [27] ms
13-Jun-2024 23:45:49.887 INFO [main] org.apache.coyote.AbstractProtocol.start Starting ProtocolHandler ["http-nio-8080"]
13-Jun-2024 23:45:49.921 INFO [main] org.apache.catalina.startup.Catalina.start Server startup in [1223] milliseconds
13-Jun-2024 23:51:47.356 INFO [main] org.apache.catalina.startup.VersionLoggerListener.log Nombre de la versión del servidor: Apache Tomcat/10.1.24
13-Jun-2024 23:51:47.362 INFO [main] org.apache.catalina.startup.VersionLoggerListener.log Server built:                      May 9 2024 17:41:23 UTC
13-Jun-2024 23:51:47.363 INFO [main] org.apache.catalina.startup.VersionLoggerListener.log Número de versión de servidor:     10.1.24.0
13-Jun-2024 23:51:47.363 INFO [main] org.apache.catalina.startup.VersionLoggerListener.log OS Name:                           Windows 11
13-Jun-2024 23:51:47.363 INFO [main] org.apache.catalina.startup.VersionLoggerListener.log Versión de Systema Operativo:      10.0
13-Jun-2024 23:51:47.363 INFO [main] org.apache.catalina.startup.VersionLoggerListener.log Arquitectura:                      amd64
13-Jun-2024 23:51:47.364 INFO [main] org.apache.catalina.startup.VersionLoggerListener.log Java Home:                         C:\Program Files\Java\jdk-22
13-Jun-2024 23:51:47.364 INFO [main] org.apache.catalina.startup.VersionLoggerListener.log JVM Version:                       22.0.1+8-16
13-Jun-2024 23:51:47.365 INFO [main] org.apache.catalina.startup.VersionLoggerListener.log Vededor JVM:                       Oracle Corporation
13-Jun-2024 23:51:47.365 INFO [main] org.apache.catalina.startup.VersionLoggerListener.log CATALINA_BASE:                     C:\Users\Estudio\Desktop\Programación\Master-Java\JavaEE\apache-tomcat-10.1.24
13-Jun-2024 23:51:47.365 INFO [main] org.apache.catalina.startup.VersionLoggerListener.log CATALINA_HOME:                     C:\Users\Estudio\Desktop\Programación\Master-Java\JavaEE\apache-tomcat-10.1.24
13-Jun-2024 23:51:47.386 INFO [main] org.apache.catalina.startup.VersionLoggerListener.log Command line argument:             -Djava.util.logging.config.file=C:\Users\Estudio\Desktop\Programación\Master-Java\JavaEE\apache-tomcat-10.1.24\conf\logging.properties
13-Jun-2024 23:51:47.386 INFO [main] org.apache.catalina.startup.VersionLoggerListener.log Command line argument:             -Djava.util.logging.manager=org.apache.juli.ClassLoaderLogManager
13-Jun-2024 23:51:47.386 INFO [main] org.apache.catalina.startup.VersionLoggerListener.log Command line argument:             -Djdk.tls.ephemeralDHKeySize=2048
13-Jun-2024 23:51:47.386 INFO [main] org.apache.catalina.startup.VersionLoggerListener.log Command line argument:             -Djava.protocol.handler.pkgs=org.apache.catalina.webresources
13-Jun-2024 23:51:47.386 INFO [main] org.apache.catalina.startup.VersionLoggerListener.log Command line argument:             --add-opens=java.base/java.lang=ALL-UNNAMED
13-Jun-2024 23:51:47.387 INFO [main] org.apache.catalina.startup.VersionLoggerListener.log Command line argument:             --add-opens=java.base/java.io=ALL-UNNAMED
13-Jun-2024 23:51:47.387 INFO [main] org.apache.catalina.startup.VersionLoggerListener.log Command line argument:             --add-opens=java.base/java.util=ALL-UNNAMED
13-Jun-2024 23:51:47.387 INFO [main] org.apache.catalina.startup.VersionLoggerListener.log Command line argument:             --add-opens=java.base/java.util.concurrent=ALL-UNNAMED
13-Jun-2024 23:51:47.387 INFO [main] org.apache.catalina.startup.VersionLoggerListener.log Command line argument:             --add-opens=java.rmi/sun.rmi.transport=ALL-UNNAMED
13-Jun-2024 23:51:47.387 INFO [main] org.apache.catalina.startup.VersionLoggerListener.log Command line argument:             -Dcatalina.base=C:\Users\Estudio\Desktop\Programación\Master-Java\JavaEE\apache-tomcat-10.1.24
13-Jun-2024 23:51:47.387 INFO [main] org.apache.catalina.startup.VersionLoggerListener.log Command line argument:             -Dcatalina.home=C:\Users\Estudio\Desktop\Programación\Master-Java\JavaEE\apache-tomcat-10.1.24
13-Jun-2024 23:51:47.387 INFO [main] org.apache.catalina.startup.VersionLoggerListener.log Command line argument:             -Djava.io.tmpdir=C:\Users\Estudio\Desktop\Programación\Master-Java\JavaEE\apache-tomcat-10.1.24\temp
13-Jun-2024 23:51:47.393 INFO [main] org.apache.catalina.core.AprLifecycleListener.lifecycleEvent Cargada la biblioteca nativa APR de Apache Tomcat [2.0.7] con la versión APR [1.7.4].
13-Jun-2024 23:51:47.410 INFO [main] org.apache.catalina.core.AprLifecycleListener.initializeSSL OpenSSL inicializado correctamente [OpenSSL 3.0.13 30 Jan 2024]
13-Jun-2024 23:51:47.674 INFO [main] org.apache.coyote.AbstractProtocol.init Inicializando el manejador de protocolo ["http-nio-8080"]

13-Jun-2024 23:51:47.702 SEVERE [main] org.apache.catalina.util.LifecycleBase.handleSubClassException Fallo al iniciar el componente [Connector["http-nio-8080"]]
	org.apache.catalina.LifecycleException: Falló la inicialización del manejador de protocolo
		at org.apache.catalina.connector.Connector.initInternal(Connector.java:1016)
		at org.apache.catalina.util.LifecycleBase.init(LifecycleBase.java:127)
		at org.apache.catalina.core.StandardService.initInternal(StandardService.java:525)
		at org.apache.catalina.util.LifecycleBase.init(LifecycleBase.java:127)
		at org.apache.catalina.core.StandardServer.initInternal(StandardServer.java:961)
		at org.apache.catalina.util.LifecycleBase.init(LifecycleBase.java:127)
		at org.apache.catalina.startup.Catalina.load(Catalina.java:708)
		at org.apache.catalina.startup.Catalina.load(Catalina.java:731)
		at java.base/jdk.internal.reflect.DirectMethodHandleAccessor.invoke(DirectMethodHandleAccessor.java:103)
		at java.base/java.lang.reflect.Method.invoke(Method.java:580)
		at org.apache.catalina.startup.Bootstrap.load(Bootstrap.java:302)
		at org.apache.catalina.startup.Bootstrap.main(Bootstrap.java:472)
	Caused by: java.net.BindException: Address already in use: bind
		at java.base/sun.nio.ch.Net.bind0(Native Method)
		at java.base/sun.nio.ch.Net.bind(Net.java:565)
		at java.base/sun.nio.ch.ServerSocketChannelImpl.netBind(ServerSocketChannelImpl.java:344)
		at java.base/sun.nio.ch.ServerSocketChannelImpl.bind(ServerSocketChannelImpl.java:301)
		at org.apache.tomcat.util.net.NioEndpoint.initServerSocket(NioEndpoint.java:239)
		at org.apache.tomcat.util.net.NioEndpoint.bind(NioEndpoint.java:194)
		at org.apache.tomcat.util.net.AbstractEndpoint.bindWithCleanup(AbstractEndpoint.java:1286)
		at org.apache.tomcat.util.net.AbstractEndpoint.init(AbstractEndpoint.java:1299)
		at org.apache.coyote.AbstractProtocol.init(AbstractProtocol.java:624)
		at org.apache.coyote.http11.AbstractHttp11Protocol.init(AbstractHttp11Protocol.java:77)
		at org.apache.catalina.connector.Connector.initInternal(Connector.java:1014)
		... 11 more
13-Jun-2024 23:51:47.704 INFO [main] org.apache.catalina.startup.Catalina.load Server initialization in [573] milliseconds
13-Jun-2024 23:51:47.770 INFO [main] org.apache.catalina.core.StandardService.startInternal Arrancando servicio [Catalina]
13-Jun-2024 23:51:47.771 INFO [main] org.apache.catalina.core.StandardEngine.startInternal Starting Servlet engine: [Apache Tomcat/10.1.24]
13-Jun-2024 23:51:47.784 INFO [main] org.apache.catalina.startup.HostConfig.deployDirectory Desplegando el directorio [C:\Users\Estudio\Desktop\Programación\Master-Java\JavaEE\apache-tomcat-10.1.24\webapps\docs] de la aplicación web
13-Jun-2024 23:51:48.110 INFO [main] org.apache.catalina.startup.HostConfig.deployDirectory Deployment of web application directory [C:\Users\Estudio\Desktop\Programación\Master-Java\JavaEE\apache-tomcat-10.1.24\webapps\docs] has finished in [323] ms
13-Jun-2024 23:51:48.111 INFO [main] org.apache.catalina.startup.HostConfig.deployDirectory Desplegando el directorio [C:\Users\Estudio\Desktop\Programación\Master-Java\JavaEE\apache-tomcat-10.1.24\webapps\examples] de la aplicación web
13-Jun-2024 23:51:48.652 INFO [main] org.apache.catalina.startup.HostConfig.deployDirectory Deployment of web application directory [C:\Users\Estudio\Desktop\Programación\Master-Java\JavaEE\apache-tomcat-10.1.24\webapps\examples] has finished in [541] ms
13-Jun-2024 23:51:48.652 INFO [main] org.apache.catalina.startup.HostConfig.deployDirectory Desplegando el directorio [C:\Users\Estudio\Desktop\Programación\Master-Java\JavaEE\apache-tomcat-10.1.24\webapps\host-manager] de la aplicación web
13-Jun-2024 23:51:48.699 INFO [main] org.apache.catalina.startup.HostConfig.deployDirectory Deployment of web application directory [C:\Users\Estudio\Desktop\Programación\Master-Java\JavaEE\apache-tomcat-10.1.24\webapps\host-manager] has finished in [46] ms
13-Jun-2024 23:51:48.699 INFO [main] org.apache.catalina.startup.HostConfig.deployDirectory Desplegando el directorio [C:\Users\Estudio\Desktop\Programación\Master-Java\JavaEE\apache-tomcat-10.1.24\webapps\manager] de la aplicación web
13-Jun-2024 23:51:48.748 INFO [main] org.apache.catalina.startup.HostConfig.deployDirectory Deployment of web application directory [C:\Users\Estudio\Desktop\Programación\Master-Java\JavaEE\apache-tomcat-10.1.24\webapps\manager] has finished in [49] ms
13-Jun-2024 23:51:48.749 INFO [main] org.apache.catalina.startup.HostConfig.deployDirectory Desplegando el directorio [C:\Users\Estudio\Desktop\Programación\Master-Java\JavaEE\apache-tomcat-10.1.24\webapps\ROOT] de la aplicación web
13-Jun-2024 23:51:48.782 INFO [main] org.apache.catalina.startup.HostConfig.deployDirectory Deployment of web application directory [C:\Users\Estudio\Desktop\Programación\Master-Java\JavaEE\apache-tomcat-10.1.24\webapps\ROOT] has finished in [33] ms
13-Jun-2024 23:51:48.792 INFO [main] org.apache.catalina.startup.Catalina.start Server startup in [1085] milliseconds
13-Jun-2024 23:51:48.811 SEVERE [main] org.apache.catalina.core.StandardServer.await Failed to create server shutdown socket on address [localhost] and port [8005] (base port [8005] and offset [0])
	java.net.BindException: Address already in use: bind
		at java.base/sun.nio.ch.Net.bind0(Native Method)
		at java.base/sun.nio.ch.Net.bind(Net.java:565)
		at java.base/sun.nio.ch.Net.bind(Net.java:554)
		at java.base/sun.nio.ch.NioSocketImpl.bind(NioSocketImpl.java:636)
		at java.base/java.net.ServerSocket.bind(ServerSocket.java:390)
		at java.base/java.net.ServerSocket.<init>(ServerSocket.java:277)
		at org.apache.catalina.core.StandardServer.await(StandardServer.java:537)
		at org.apache.catalina.startup.Catalina.await(Catalina.java:847)
		at org.apache.catalina.startup.Catalina.start(Catalina.java:795)
		at java.base/jdk.internal.reflect.DirectMethodHandleAccessor.invoke(DirectMethodHandleAccessor.java:103)
		at java.base/java.lang.reflect.Method.invoke(Method.java:580)
		at org.apache.catalina.startup.Bootstrap.start(Bootstrap.java:345)
		at org.apache.catalina.startup.Bootstrap.main(Bootstrap.java:473)
13-Jun-2024 23:51:48.812 INFO [main] org.apache.coyote.AbstractProtocol.pause Pausing ProtocolHandler ["http-nio-8080"]
13-Jun-2024 23:51:48.812 INFO [main] org.apache.catalina.core.StandardService.stopInternal Parando servicio [Catalina]
13-Jun-2024 23:51:48.837 INFO [main] org.apache.coyote.AbstractProtocol.stop Stopping ProtocolHandler ["http-nio-8080"]
13-Jun-2024 23:51:48.838 INFO [main] org.apache.coyote.AbstractProtocol.destroy Destroying ProtocolHandler ["http-nio-8080"]
13-Jun-2024 23:52:10.708 INFO [main] org.apache.catalina.startup.VersionLoggerListener.log Nombre de la versión del servidor: Apache Tomcat/10.1.24
13-Jun-2024 23:52:10.712 INFO [main] org.apache.catalina.startup.VersionLoggerListener.log Server built:                      May 9 2024 17:41:23 UTC
13-Jun-2024 23:52:10.712 INFO [main] org.apache.catalina.startup.VersionLoggerListener.log Número de versión de servidor:     10.1.24.0
13-Jun-2024 23:52:10.712 INFO [main] org.apache.catalina.startup.VersionLoggerListener.log OS Name:                           Windows 11
13-Jun-2024 23:52:10.712 INFO [main] org.apache.catalina.startup.VersionLoggerListener.log Versión de Systema Operativo:      10.0
13-Jun-2024 23:52:10.713 INFO [main] org.apache.catalina.startup.VersionLoggerListener.log Arquitectura:                      amd64
13-Jun-2024 23:52:10.713 INFO [main] org.apache.catalina.startup.VersionLoggerListener.log Java Home:                         C:\Program Files\Java\jdk-22
13-Jun-2024 23:52:10.713 INFO [main] org.apache.catalina.startup.VersionLoggerListener.log JVM Version:                       22.0.1+8-16
13-Jun-2024 23:52:10.713 INFO [main] org.apache.catalina.startup.VersionLoggerListener.log Vededor JVM:                       Oracle Corporation
13-Jun-2024 23:52:10.713 INFO [main] org.apache.catalina.startup.VersionLoggerListener.log CATALINA_BASE:                     C:\Users\Estudio\Desktop\Programación\Master-Java\JavaEE\apache-tomcat-10.1.24
13-Jun-2024 23:52:10.714 INFO [main] org.apache.catalina.startup.VersionLoggerListener.log CATALINA_HOME:                     C:\Users\Estudio\Desktop\Programación\Master-Java\JavaEE\apache-tomcat-10.1.24
13-Jun-2024 23:52:10.724 INFO [main] org.apache.catalina.startup.VersionLoggerListener.log Command line argument:             -Djava.util.logging.config.file=C:\Users\Estudio\Desktop\Programación\Master-Java\JavaEE\apache-tomcat-10.1.24\conf\logging.properties
13-Jun-2024 23:52:10.724 INFO [main] org.apache.catalina.startup.VersionLoggerListener.log Command line argument:             -Djava.util.logging.manager=org.apache.juli.ClassLoaderLogManager
13-Jun-2024 23:52:10.724 INFO [main] org.apache.catalina.startup.VersionLoggerListener.log Command line argument:             -Djdk.tls.ephemeralDHKeySize=2048
13-Jun-2024 23:52:10.724 INFO [main] org.apache.catalina.startup.VersionLoggerListener.log Command line argument:             -Djava.protocol.handler.pkgs=org.apache.catalina.webresources
13-Jun-2024 23:52:10.725 INFO [main] org.apache.catalina.startup.VersionLoggerListener.log Command line argument:             --add-opens=java.base/java.lang=ALL-UNNAMED
13-Jun-2024 23:52:10.725 INFO [main] org.apache.catalina.startup.VersionLoggerListener.log Command line argument:             --add-opens=java.base/java.io=ALL-UNNAMED
13-Jun-2024 23:52:10.726 INFO [main] org.apache.catalina.startup.VersionLoggerListener.log Command line argument:             --add-opens=java.base/java.util=ALL-UNNAMED
13-Jun-2024 23:52:10.726 INFO [main] org.apache.catalina.startup.VersionLoggerListener.log Command line argument:             --add-opens=java.base/java.util.concurrent=ALL-UNNAMED
13-Jun-2024 23:52:10.726 INFO [main] org.apache.catalina.startup.VersionLoggerListener.log Command line argument:             --add-opens=java.rmi/sun.rmi.transport=ALL-UNNAMED
13-Jun-2024 23:52:10.726 INFO [main] org.apache.catalina.startup.VersionLoggerListener.log Command line argument:             -Dcatalina.base=C:\Users\Estudio\Desktop\Programación\Master-Java\JavaEE\apache-tomcat-10.1.24
13-Jun-2024 23:52:10.726 INFO [main] org.apache.catalina.startup.VersionLoggerListener.log Command line argument:             -Dcatalina.home=C:\Users\Estudio\Desktop\Programación\Master-Java\JavaEE\apache-tomcat-10.1.24
13-Jun-2024 23:52:10.728 INFO [main] org.apache.catalina.startup.VersionLoggerListener.log Command line argument:             -Djava.io.tmpdir=C:\Users\Estudio\Desktop\Programación\Master-Java\JavaEE\apache-tomcat-10.1.24\temp
13-Jun-2024 23:52:10.731 INFO [main] org.apache.catalina.core.AprLifecycleListener.lifecycleEvent Cargada la biblioteca nativa APR de Apache Tomcat [2.0.7] con la versión APR [1.7.4].
13-Jun-2024 23:52:10.736 INFO [main] org.apache.catalina.core.AprLifecycleListener.initializeSSL OpenSSL inicializado correctamente [OpenSSL 3.0.13 30 Jan 2024]
13-Jun-2024 23:52:11.007 INFO [main] org.apache.coyote.AbstractProtocol.init Inicializando el manejador de protocolo ["http-nio-8080"]

13-Jun-2024 23:52:11.032 INFO [main] org.apache.catalina.startup.Catalina.load Server initialization in [506] milliseconds
13-Jun-2024 23:52:11.090 INFO [main] org.apache.catalina.core.StandardService.startInternal Arrancando servicio [Catalina]
13-Jun-2024 23:52:11.090 INFO [main] org.apache.catalina.core.StandardEngine.startInternal Starting Servlet engine: [Apache Tomcat/10.1.24]
13-Jun-2024 23:52:11.102 INFO [main] org.apache.catalina.startup.HostConfig.deployDirectory Desplegando el directorio [C:\Users\Estudio\Desktop\Programación\Master-Java\JavaEE\apache-tomcat-10.1.24\webapps\docs] de la aplicación web
13-Jun-2024 23:52:11.381 INFO [main] org.apache.catalina.startup.HostConfig.deployDirectory Deployment of web application directory [C:\Users\Estudio\Desktop\Programación\Master-Java\JavaEE\apache-tomcat-10.1.24\webapps\docs] has finished in [276] ms
13-Jun-2024 23:52:11.382 INFO [main] org.apache.catalina.startup.HostConfig.deployDirectory Desplegando el directorio [C:\Users\Estudio\Desktop\Programación\Master-Java\JavaEE\apache-tomcat-10.1.24\webapps\examples] de la aplicación web
13-Jun-2024 23:52:11.843 INFO [main] org.apache.catalina.startup.HostConfig.deployDirectory Deployment of web application directory [C:\Users\Estudio\Desktop\Programación\Master-Java\JavaEE\apache-tomcat-10.1.24\webapps\examples] has finished in [461] ms
13-Jun-2024 23:52:11.843 INFO [main] org.apache.catalina.startup.HostConfig.deployDirectory Desplegando el directorio [C:\Users\Estudio\Desktop\Programación\Master-Java\JavaEE\apache-tomcat-10.1.24\webapps\host-manager] de la aplicación web
13-Jun-2024 23:52:11.895 INFO [main] org.apache.catalina.startup.HostConfig.deployDirectory Deployment of web application directory [C:\Users\Estudio\Desktop\Programación\Master-Java\JavaEE\apache-tomcat-10.1.24\webapps\host-manager] has finished in [52] ms
13-Jun-2024 23:52:11.896 INFO [main] org.apache.catalina.startup.HostConfig.deployDirectory Desplegando el directorio [C:\Users\Estudio\Desktop\Programación\Master-Java\JavaEE\apache-tomcat-10.1.24\webapps\manager] de la aplicación web
13-Jun-2024 23:52:11.943 INFO [main] org.apache.catalina.startup.HostConfig.deployDirectory Deployment of web application directory [C:\Users\Estudio\Desktop\Programación\Master-Java\JavaEE\apache-tomcat-10.1.24\webapps\manager] has finished in [47] ms
13-Jun-2024 23:52:11.943 INFO [main] org.apache.catalina.startup.HostConfig.deployDirectory Desplegando el directorio [C:\Users\Estudio\Desktop\Programación\Master-Java\JavaEE\apache-tomcat-10.1.24\webapps\ROOT] de la aplicación web
13-Jun-2024 23:52:11.973 INFO [main] org.apache.catalina.startup.HostConfig.deployDirectory Deployment of web application directory [C:\Users\Estudio\Desktop\Programación\Master-Java\JavaEE\apache-tomcat-10.1.24\webapps\ROOT] has finished in [30] ms
13-Jun-2024 23:52:11.978 INFO [main] org.apache.coyote.AbstractProtocol.start Starting ProtocolHandler ["http-nio-8080"]
13-Jun-2024 23:52:12.016 INFO [main] org.apache.catalina.startup.Catalina.start Server startup in [982] milliseconds
13-Jun-2024 23:57:52.425 INFO [Catalina-utility-1] org.apache.catalina.users.MemoryUserDatabase.backgroundProcess Reloading memory user database [UserDatabase] from updated source [file:/C:/Users/Estudio/Desktop/Programación/Master-Java/JavaEE/apache-tomcat-10.1.24/conf/tomcat-users.xml]
