14-Jun-2024 00:00:32.768 INFO [Catalina-utility-1] org.apache.catalina.users.MemoryUserDatabase.backgroundProcess Reloading memory user database [UserDatabase] from updated source [file:/C:/Users/Estudio/Desktop/Programación/Master-Java/JavaEE/apache-tomcat-10.1.24/conf/tomcat-users.xml]
14-Jun-2024 00:00:48.542 INFO [http-nio-8080-exec-9] org.apache.catalina.startup.HostConfig.deployWAR Despliegue del archivo [C:\Users\Estudio\Desktop\Programación\Master-Java\JavaEE\apache-tomcat-10.1.24\webapps\webapp.war] de la aplicación web
14-Jun-2024 00:00:48.688 INFO [http-nio-8080-exec-9] org.apache.catalina.startup.HostConfig.deployWAR Deployment of web application archive [C:\Users\Estudio\Desktop\Programación\Master-Java\JavaEE\apache-tomcat-10.1.24\webapps\webapp.war] has finished in [144] ms
14-Jun-2024 00:04:18.317 INFO [http-nio-8080-exec-6] org.apache.catalina.startup.HostConfig.deployWAR Despliegue del archivo [C:\Users\Estudio\Desktop\Programación\Master-Java\JavaEE\apache-tomcat-10.1.24\webapps\webapp-1.0-SNAPSHOT.war] de la aplicación web
14-Jun-2024 00:04:18.388 INFO [http-nio-8080-exec-6] org.apache.catalina.startup.HostConfig.deployWAR Deployment of web application archive [C:\Users\Estudio\Desktop\Programación\Master-Java\JavaEE\apache-tomcat-10.1.24\webapps\webapp-1.0-SNAPSHOT.war] has finished in [72] ms
14-Jun-2024 00:05:36.187 INFO [Thread-1] org.apache.coyote.AbstractProtocol.pause Pausing ProtocolHandler ["http-nio-8080"]
14-Jun-2024 00:05:36.203 INFO [Thread-1] org.apache.catalina.core.StandardService.stopInternal Parando servicio [Catalina]
14-Jun-2024 00:05:36.264 INFO [Thread-1] org.apache.coyote.AbstractProtocol.stop Stopping ProtocolHandler ["http-nio-8080"]
14-Jun-2024 00:05:36.282 INFO [Thread-1] org.apache.coyote.AbstractProtocol.destroy Destroying ProtocolHandler ["http-nio-8080"]
14-Jun-2024 00:06:13.813 INFO [main] org.apache.catalina.startup.VersionLoggerListener.log Nombre de la versión del servidor: Apache Tomcat/10.1.24
14-Jun-2024 00:06:13.816 INFO [main] org.apache.catalina.startup.VersionLoggerListener.log Server built:                      May 9 2024 17:41:23 UTC
14-Jun-2024 00:06:13.817 INFO [main] org.apache.catalina.startup.VersionLoggerListener.log Número de versión de servidor:     10.1.24.0
14-Jun-2024 00:06:13.817 INFO [main] org.apache.catalina.startup.VersionLoggerListener.log OS Name:                           Windows 11
14-Jun-2024 00:06:13.817 INFO [main] org.apache.catalina.startup.VersionLoggerListener.log Versión de Systema Operativo:      10.0
14-Jun-2024 00:06:13.817 INFO [main] org.apache.catalina.startup.VersionLoggerListener.log Arquitectura:                      amd64
14-Jun-2024 00:06:13.817 INFO [main] org.apache.catalina.startup.VersionLoggerListener.log Java Home:                         C:\Program Files\Java\jdk-22
14-Jun-2024 00:06:13.817 INFO [main] org.apache.catalina.startup.VersionLoggerListener.log JVM Version:                       22.0.1+8-16
14-Jun-2024 00:06:13.817 INFO [main] org.apache.catalina.startup.VersionLoggerListener.log Vededor JVM:                       Oracle Corporation
14-Jun-2024 00:06:13.818 INFO [main] org.apache.catalina.startup.VersionLoggerListener.log CATALINA_BASE:                     C:\Users\Estudio\Desktop\Programación\Master-Java\JavaEE\apache-tomcat-10.1.24
14-Jun-2024 00:06:13.818 INFO [main] org.apache.catalina.startup.VersionLoggerListener.log CATALINA_HOME:                     C:\Users\Estudio\Desktop\Programación\Master-Java\JavaEE\apache-tomcat-10.1.24
14-Jun-2024 00:06:13.829 INFO [main] org.apache.catalina.startup.VersionLoggerListener.log Command line argument:             -Djava.util.logging.config.file=C:\Users\Estudio\Desktop\Programación\Master-Java\JavaEE\apache-tomcat-10.1.24\conf\logging.properties
14-Jun-2024 00:06:13.829 INFO [main] org.apache.catalina.startup.VersionLoggerListener.log Command line argument:             -Djava.util.logging.manager=org.apache.juli.ClassLoaderLogManager
14-Jun-2024 00:06:13.829 INFO [main] org.apache.catalina.startup.VersionLoggerListener.log Command line argument:             -Djdk.tls.ephemeralDHKeySize=2048
14-Jun-2024 00:06:13.829 INFO [main] org.apache.catalina.startup.VersionLoggerListener.log Command line argument:             -Djava.protocol.handler.pkgs=org.apache.catalina.webresources
14-Jun-2024 00:06:13.830 INFO [main] org.apache.catalina.startup.VersionLoggerListener.log Command line argument:             --add-opens=java.base/java.lang=ALL-UNNAMED
14-Jun-2024 00:06:13.830 INFO [main] org.apache.catalina.startup.VersionLoggerListener.log Command line argument:             --add-opens=java.base/java.io=ALL-UNNAMED
14-Jun-2024 00:06:13.830 INFO [main] org.apache.catalina.startup.VersionLoggerListener.log Command line argument:             --add-opens=java.base/java.util=ALL-UNNAMED
14-Jun-2024 00:06:13.830 INFO [main] org.apache.catalina.startup.VersionLoggerListener.log Command line argument:             --add-opens=java.base/java.util.concurrent=ALL-UNNAMED
14-Jun-2024 00:06:13.830 INFO [main] org.apache.catalina.startup.VersionLoggerListener.log Command line argument:             --add-opens=java.rmi/sun.rmi.transport=ALL-UNNAMED
14-Jun-2024 00:06:13.831 INFO [main] org.apache.catalina.startup.VersionLoggerListener.log Command line argument:             -Dcatalina.base=C:\Users\Estudio\Desktop\Programación\Master-Java\JavaEE\apache-tomcat-10.1.24
14-Jun-2024 00:06:13.831 INFO [main] org.apache.catalina.startup.VersionLoggerListener.log Command line argument:             -Dcatalina.home=C:\Users\Estudio\Desktop\Programación\Master-Java\JavaEE\apache-tomcat-10.1.24
14-Jun-2024 00:06:13.831 INFO [main] org.apache.catalina.startup.VersionLoggerListener.log Command line argument:             -Djava.io.tmpdir=C:\Users\Estudio\Desktop\Programación\Master-Java\JavaEE\apache-tomcat-10.1.24\temp
14-Jun-2024 00:06:13.839 INFO [main] org.apache.catalina.core.AprLifecycleListener.lifecycleEvent Cargada la biblioteca nativa APR de Apache Tomcat [2.0.7] con la versión APR [1.7.4].
14-Jun-2024 00:06:13.857 INFO [main] org.apache.catalina.core.AprLifecycleListener.initializeSSL OpenSSL inicializado correctamente [OpenSSL 3.0.13 30 Jan 2024]
14-Jun-2024 00:06:14.184 INFO [main] org.apache.coyote.AbstractProtocol.init Inicializando el manejador de protocolo ["http-nio-8080"]

14-Jun-2024 00:06:14.221 INFO [main] org.apache.catalina.startup.Catalina.load Server initialization in [633] milliseconds
14-Jun-2024 00:06:14.290 INFO [main] org.apache.catalina.core.StandardService.startInternal Arrancando servicio [Catalina]
14-Jun-2024 00:06:14.291 INFO [main] org.apache.catalina.core.StandardEngine.startInternal Starting Servlet engine: [Apache Tomcat/10.1.24]
14-Jun-2024 00:06:14.320 INFO [main] org.apache.catalina.startup.HostConfig.deployWAR Despliegue del archivo [C:\Users\Estudio\Desktop\Programación\Master-Java\JavaEE\apache-tomcat-10.1.24\webapps\webapp-1.0-SNAPSHOT.war] de la aplicación web
14-Jun-2024 00:06:14.697 INFO [main] org.apache.catalina.startup.HostConfig.deployWAR Deployment of web application archive [C:\Users\Estudio\Desktop\Programación\Master-Java\JavaEE\apache-tomcat-10.1.24\webapps\webapp-1.0-SNAPSHOT.war] has finished in [370] ms
14-Jun-2024 00:06:14.702 INFO [main] org.apache.catalina.startup.HostConfig.deployWAR Despliegue del archivo [C:\Users\Estudio\Desktop\Programación\Master-Java\JavaEE\apache-tomcat-10.1.24\webapps\webapp.war] de la aplicación web
14-Jun-2024 00:06:14.742 INFO [main] org.apache.catalina.startup.HostConfig.deployWAR Deployment of web application archive [C:\Users\Estudio\Desktop\Programación\Master-Java\JavaEE\apache-tomcat-10.1.24\webapps\webapp.war] has finished in [40] ms
14-Jun-2024 00:06:14.742 INFO [main] org.apache.catalina.startup.HostConfig.deployDirectory Desplegando el directorio [C:\Users\Estudio\Desktop\Programación\Master-Java\JavaEE\apache-tomcat-10.1.24\webapps\docs] de la aplicación web
14-Jun-2024 00:06:14.786 INFO [main] org.apache.catalina.startup.HostConfig.deployDirectory Deployment of web application directory [C:\Users\Estudio\Desktop\Programación\Master-Java\JavaEE\apache-tomcat-10.1.24\webapps\docs] has finished in [44] ms
14-Jun-2024 00:06:14.787 INFO [main] org.apache.catalina.startup.HostConfig.deployDirectory Desplegando el directorio [C:\Users\Estudio\Desktop\Programación\Master-Java\JavaEE\apache-tomcat-10.1.24\webapps\examples] de la aplicación web
14-Jun-2024 00:06:15.377 INFO [main] org.apache.catalina.startup.HostConfig.deployDirectory Deployment of web application directory [C:\Users\Estudio\Desktop\Programación\Master-Java\JavaEE\apache-tomcat-10.1.24\webapps\examples] has finished in [590] ms
14-Jun-2024 00:06:15.377 INFO [main] org.apache.catalina.startup.HostConfig.deployDirectory Desplegando el directorio [C:\Users\Estudio\Desktop\Programación\Master-Java\JavaEE\apache-tomcat-10.1.24\webapps\host-manager] de la aplicación web
14-Jun-2024 00:06:15.436 INFO [main] org.apache.catalina.startup.HostConfig.deployDirectory Deployment of web application directory [C:\Users\Estudio\Desktop\Programación\Master-Java\JavaEE\apache-tomcat-10.1.24\webapps\host-manager] has finished in [59] ms
14-Jun-2024 00:06:15.437 INFO [main] org.apache.catalina.startup.HostConfig.deployDirectory Desplegando el directorio [C:\Users\Estudio\Desktop\Programación\Master-Java\JavaEE\apache-tomcat-10.1.24\webapps\manager] de la aplicación web
14-Jun-2024 00:06:15.506 INFO [main] org.apache.catalina.startup.HostConfig.deployDirectory Deployment of web application directory [C:\Users\Estudio\Desktop\Programación\Master-Java\JavaEE\apache-tomcat-10.1.24\webapps\manager] has finished in [69] ms
14-Jun-2024 00:06:15.508 INFO [main] org.apache.catalina.startup.HostConfig.deployDirectory Desplegando el directorio [C:\Users\Estudio\Desktop\Programación\Master-Java\JavaEE\apache-tomcat-10.1.24\webapps\ROOT] de la aplicación web
14-Jun-2024 00:06:15.545 INFO [main] org.apache.catalina.startup.HostConfig.deployDirectory Deployment of web application directory [C:\Users\Estudio\Desktop\Programación\Master-Java\JavaEE\apache-tomcat-10.1.24\webapps\ROOT] has finished in [37] ms
14-Jun-2024 00:06:15.566 INFO [main] org.apache.coyote.AbstractProtocol.start Starting ProtocolHandler ["http-nio-8080"]
14-Jun-2024 00:06:15.622 INFO [main] org.apache.catalina.startup.Catalina.start Server startup in [1398] milliseconds
14-Jun-2024 00:39:27.923 INFO [Thread-1] org.apache.coyote.AbstractProtocol.pause Pausing ProtocolHandler ["http-nio-8080"]
14-Jun-2024 00:39:27.997 INFO [Thread-1] org.apache.catalina.core.StandardService.stopInternal Parando servicio [Catalina]
14-Jun-2024 00:39:28.096 INFO [Thread-1] org.apache.coyote.AbstractProtocol.stop Stopping ProtocolHandler ["http-nio-8080"]
14-Jun-2024 00:39:28.119 INFO [Thread-1] org.apache.coyote.AbstractProtocol.destroy Destroying ProtocolHandler ["http-nio-8080"]
